\BOOKMARK [0][-]{Doc-Start}{Acknowledgments}{}% 1
\BOOKMARK [0][-]{chapter*.1}{Abstract}{}% 2
\BOOKMARK [0][-]{toc.0}{Contents}{}% 3
\BOOKMARK [0][-]{chapter.1}{Introduction}{}% 4
\BOOKMARK [1][-]{section.1.1}{Motivation}{chapter.1}% 5
\BOOKMARK [1][-]{section.1.2}{Contribution}{chapter.1}% 6
\BOOKMARK [0][-]{chapter.2}{Review of Literature and Research}{}% 7
\BOOKMARK [1][-]{section.2.1}{Types of Recommender Systems}{chapter.2}% 8
\BOOKMARK [2][-]{subsection.2.1.1}{Content-Based Filtering}{section.2.1}% 9
\BOOKMARK [2][-]{subsection.2.1.2}{Collaborative Filtering}{section.2.1}% 10
\BOOKMARK [2][-]{subsection.2.1.3}{Knowledge-Based Recommender Systems}{section.2.1}% 11
\BOOKMARK [2][-]{subsection.2.1.4}{Hybrid Recommender Systems}{section.2.1}% 12
\BOOKMARK [1][-]{section.2.2}{Types of input in recommender systems}{chapter.2}% 13
\BOOKMARK [1][-]{section.2.3}{Recommender System Evaluation Properties}{chapter.2}% 14
\BOOKMARK [2][-]{subsection.2.3.1}{Summary}{section.2.3}% 15
\BOOKMARK [1][-]{section.2.4}{Diversity}{chapter.2}% 16
\BOOKMARK [2][-]{subsection.2.4.1}{Diversity Evaluation}{section.2.4}% 17
\BOOKMARK [2][-]{subsection.2.4.2}{Diversity Enhancement Approaches}{section.2.4}% 18
\BOOKMARK [1][-]{section.2.5}{Artificial Neural Networks}{chapter.2}% 19
\BOOKMARK [2][-]{subsection.2.5.1}{Embeddings}{section.2.5}% 20
\BOOKMARK [1][-]{section.2.6}{Summary}{chapter.2}% 21
\BOOKMARK [0][-]{chapter.3}{Implementation}{}% 22
\BOOKMARK [1][-]{section.3.1}{Datasets}{chapter.3}% 23
\BOOKMARK [2][-]{subsection.3.1.1}{Freelancer.com Dataset}{section.3.1}% 24
\BOOKMARK [2][-]{subsection.3.1.2}{Motius Dataset}{section.3.1}% 25
\BOOKMARK [1][-]{section.3.2}{Unsupervised Individual Recommender}{chapter.3}% 26
\BOOKMARK [2][-]{subsection.3.2.1}{Recommendation by Similarity}{section.3.2}% 27
\BOOKMARK [2][-]{subsection.3.2.2}{Recommendation by Popularity}{section.3.2}% 28
\BOOKMARK [2][-]{subsection.3.2.3}{Hybrid Recommendation}{section.3.2}% 29
\BOOKMARK [1][-]{section.3.3}{Supervised Individual Recommender}{chapter.3}% 30
\BOOKMARK [2][-]{subsection.3.3.1}{Using Sparse Input}{section.3.3}% 31
\BOOKMARK [2][-]{subsection.3.3.2}{Using Embeddings}{section.3.3}% 32
\BOOKMARK [1][-]{section.3.4}{Unsupervised Group Recommender}{chapter.3}% 33
\BOOKMARK [2][-]{subsection.3.4.1}{Baseline Recommender}{section.3.4}% 34
\BOOKMARK [2][-]{subsection.3.4.2}{Diverse Recommender}{section.3.4}% 35
\BOOKMARK [1][-]{section.3.5}{Supervised Group Recommender}{chapter.3}% 36
\BOOKMARK [1][-]{section.3.6}{Group Recommendation using Clustering}{chapter.3}% 37
\BOOKMARK [1][-]{section.3.7}{Dashboard to show data and enter feedback}{chapter.3}% 38
\BOOKMARK [2][-]{subsection.3.7.1}{General Dashboard}{section.3.7}% 39
\BOOKMARK [2][-]{subsection.3.7.2}{Individual Recommendations}{section.3.7}% 40
\BOOKMARK [2][-]{subsection.3.7.3}{Group Recommendations}{section.3.7}% 41
\BOOKMARK [1][-]{section.3.8}{Improvement of Recommendations via Feedback Learning}{chapter.3}% 42
\BOOKMARK [1][-]{section.3.9}{Summary}{chapter.3}% 43
\BOOKMARK [0][-]{chapter.4}{Evaluation}{}% 44
\BOOKMARK [1][-]{section.4.1}{Unsupervised Individual Recommendation}{chapter.4}% 45
\BOOKMARK [2][-]{subsection.4.1.1}{Existing Company Recommender}{section.4.1}% 46
\BOOKMARK [2][-]{subsection.4.1.2}{Recommendation by Similarity}{section.4.1}% 47
\BOOKMARK [2][-]{subsection.4.1.3}{Recommendation by Popularity}{section.4.1}% 48
\BOOKMARK [2][-]{subsection.4.1.4}{Hybrid Recommendation}{section.4.1}% 49
\BOOKMARK [1][-]{section.4.2}{Supervised Individual Recommender}{chapter.4}% 50
\BOOKMARK [2][-]{subsection.4.2.1}{Using Sparse Input}{section.4.2}% 51
\BOOKMARK [2][-]{subsection.4.2.2}{Using Embeddings}{section.4.2}% 52
\BOOKMARK [1][-]{section.4.3}{Unsupervised Group Recommender}{chapter.4}% 53
\BOOKMARK [2][-]{subsection.4.3.1}{Baseline Recommender}{section.4.3}% 54
\BOOKMARK [2][-]{subsection.4.3.2}{Diverse Recommender}{section.4.3}% 55
\BOOKMARK [1][-]{section.4.4}{Supervised Group Recommender}{chapter.4}% 56
\BOOKMARK [2][-]{subsection.4.4.1}{Baseline Recommender}{section.4.4}% 57
\BOOKMARK [2][-]{subsection.4.4.2}{Diverse Recommender}{section.4.4}% 58
\BOOKMARK [1][-]{section.4.5}{Feedback Loop}{chapter.4}% 59
\BOOKMARK [2][-]{subsection.4.5.1}{Online Evaluation and User Study}{section.4.5}% 60
\BOOKMARK [1][-]{section.4.6}{Summary}{chapter.4}% 61
\BOOKMARK [0][-]{chapter.5}{Discussion}{}% 62
\BOOKMARK [1][-]{section.5.1}{Comparison of Individual Recommenders}{chapter.5}% 63
\BOOKMARK [2][-]{subsection.5.1.1}{Offline Evaluation}{section.5.1}% 64
\BOOKMARK [2][-]{subsection.5.1.2}{User Study}{section.5.1}% 65
\BOOKMARK [1][-]{section.5.2}{Comparison of Group Recommenders}{chapter.5}% 66
\BOOKMARK [2][-]{subsection.5.2.1}{Offline Evaluation}{section.5.2}% 67
\BOOKMARK [2][-]{subsection.5.2.2}{User Study}{section.5.2}% 68
\BOOKMARK [1][-]{section.5.3}{Feedback Loop}{chapter.5}% 69
\BOOKMARK [1][-]{section.5.4}{Other Topics to Discuss}{chapter.5}% 70
\BOOKMARK [2][-]{subsection.5.4.1}{Problems about datasets}{section.5.4}% 71
\BOOKMARK [2][-]{subsection.5.4.2}{Problem about the recommender type}{section.5.4}% 72
\BOOKMARK [2][-]{subsection.5.4.3}{Reasons to use hybrid recommender}{section.5.4}% 73
\BOOKMARK [1][-]{section.5.5}{Summary}{chapter.5}% 74
\BOOKMARK [0][-]{chapter.6}{Conclusion}{}% 75
\BOOKMARK [0][-]{appendix.A}{Appendix}{}% 76
\BOOKMARK [0][-]{chapter*.115}{List of Figures}{}% 77
\BOOKMARK [0][-]{chapter*.116}{List of Tables}{}% 78
\BOOKMARK [0][-]{chapter*.117}{Bibliography}{}% 79
