This is pdfTeX, Version 3.14159265-2.6-1.40.19 (TeX Live 2018) (preloaded format=pdflatex 2018.10.18)  13 JUN 2019 10:41
entering extended mode
 restricted \write18 enabled.
 %&-line parsing enabled.
**example.tex
(./example.tex
LaTeX2e <2018-04-01> patch level 2
Babel <3.18> and hyphenation patterns for 84 language(s) loaded.
(/usr/local/texlive/2018/texmf-dist/tex/latex/beamer/beamer.cls
Document Class: beamer 2018/02/20 v3.50 A class for typesetting presentations
(/usr/local/texlive/2018/texmf-dist/tex/latex/beamer/beamerbasemodes.sty
(/usr/local/texlive/2018/texmf-dist/tex/latex/etoolbox/etoolbox.sty
Package: etoolbox 2018/02/11 v2.5e e-TeX tools for LaTeX (JAW)
\etb@tempcnta=\count80
)
\beamer@tempbox=\box26
\beamer@tempcount=\count81
\c@beamerpauses=\count82

(/usr/local/texlive/2018/texmf-dist/tex/latex/beamer/beamerbasedecode.sty
\beamer@slideinframe=\count83
\beamer@minimum=\count84
)
\beamer@commentbox=\box27
\beamer@modecount=\count85
)
(/usr/local/texlive/2018/texmf-dist/tex/generic/oberdiek/ifpdf.sty
Package: ifpdf 2017/03/15 v3.2 Provides the ifpdf switch
)
\headdp=\dimen102
\footheight=\dimen103
\sidebarheight=\dimen104
\beamer@tempdim=\dimen105
\beamer@finalheight=\dimen106
\beamer@animht=\dimen107
\beamer@animdp=\dimen108
\beamer@animwd=\dimen109
\beamer@leftmargin=\dimen110
\beamer@rightmargin=\dimen111
\beamer@leftsidebar=\dimen112
\beamer@rightsidebar=\dimen113
\beamer@boxsize=\dimen114
\beamer@vboxoffset=\dimen115
\beamer@descdefault=\dimen116
\beamer@descriptionwidth=\dimen117
\beamer@lastskip=\skip41
\beamer@areabox=\box28
\beamer@animcurrent=\box29
\beamer@animshowbox=\box30
\beamer@sectionbox=\box31
\beamer@logobox=\box32
\beamer@linebox=\box33
\beamer@sectioncount=\count86
\beamer@subsubsectionmax=\count87
\beamer@subsectionmax=\count88
\beamer@sectionmax=\count89
\beamer@totalheads=\count90
\beamer@headcounter=\count91
\beamer@partstartpage=\count92
\beamer@sectionstartpage=\count93
\beamer@subsectionstartpage=\count94
\beamer@animationtempa=\count95
\beamer@animationtempb=\count96
\beamer@xpos=\count97
\beamer@ypos=\count98
\beamer@ypos@offset=\count99
\beamer@showpartnumber=\count100
\beamer@currentsubsection=\count101
\beamer@coveringdepth=\count102
\beamer@sectionadjust=\count103
\beamer@tocsectionnumber=\count104

(/usr/local/texlive/2018/texmf-dist/tex/latex/beamer/beamerbaseoptions.sty
(/usr/local/texlive/2018/texmf-dist/tex/latex/graphics/keyval.sty
Package: keyval 2014/10/28 v1.15 key=value parser (DPC)
\KV@toks@=\toks14
))
\beamer@paperwidth=\skip42
\beamer@paperheight=\skip43

(/usr/local/texlive/2018/texmf-dist/tex/latex/geometry/geometry.sty
Package: geometry 2018/03/24 v5.7 Page Geometry

(/usr/local/texlive/2018/texmf-dist/tex/generic/oberdiek/ifvtex.sty
Package: ifvtex 2016/05/16 v1.6 Detect VTeX and its facilities (HO)
Package ifvtex Info: VTeX not detected.
)
(/usr/local/texlive/2018/texmf-dist/tex/generic/ifxetex/ifxetex.sty
Package: ifxetex 2010/09/12 v0.6 Provides ifxetex conditional
)
\Gm@cnth=\count105
\Gm@cntv=\count106
\c@Gm@tempcnt=\count107
\Gm@bindingoffset=\dimen118
\Gm@wd@mp=\dimen119
\Gm@odd@mp=\dimen120
\Gm@even@mp=\dimen121
\Gm@layoutwidth=\dimen122
\Gm@layoutheight=\dimen123
\Gm@layouthoffset=\dimen124
\Gm@layoutvoffset=\dimen125
\Gm@dimlist=\toks15
)
(/usr/local/texlive/2018/texmf-dist/tex/latex/base/size11.clo
File: size11.clo 2014/09/29 v1.4h Standard LaTeX file (size option)
)
(/usr/local/texlive/2018/texmf-dist/tex/latex/pgf/basiclayer/pgfcore.sty
(/usr/local/texlive/2018/texmf-dist/tex/latex/graphics/graphicx.sty
Package: graphicx 2017/06/01 v1.1a Enhanced LaTeX Graphics (DPC,SPQR)

(/usr/local/texlive/2018/texmf-dist/tex/latex/graphics/graphics.sty
Package: graphics 2017/06/25 v1.2c Standard LaTeX Graphics (DPC,SPQR)

(/usr/local/texlive/2018/texmf-dist/tex/latex/graphics/trig.sty
Package: trig 2016/01/03 v1.10 sin cos tan (DPC)
)
(/usr/local/texlive/2018/texmf-dist/tex/latex/graphics-cfg/graphics.cfg
File: graphics.cfg 2016/06/04 v1.11 sample graphics configuration
)
Package graphics Info: Driver file: pdftex.def on input line 99.

(/usr/local/texlive/2018/texmf-dist/tex/latex/graphics-def/pdftex.def
File: pdftex.def 2018/01/08 v1.0l Graphics/color driver for pdftex
))
\Gin@req@height=\dimen126
\Gin@req@width=\dimen127
)
(/usr/local/texlive/2018/texmf-dist/tex/latex/pgf/systemlayer/pgfsys.sty
(/usr/local/texlive/2018/texmf-dist/tex/latex/pgf/utilities/pgfrcs.sty
(/usr/local/texlive/2018/texmf-dist/tex/generic/pgf/utilities/pgfutil-common.te
x
\pgfutil@everybye=\toks16
\pgfutil@tempdima=\dimen128
\pgfutil@tempdimb=\dimen129

(/usr/local/texlive/2018/texmf-dist/tex/generic/pgf/utilities/pgfutil-common-li
sts.tex))
(/usr/local/texlive/2018/texmf-dist/tex/generic/pgf/utilities/pgfutil-latex.def
\pgfutil@abb=\box34
(/usr/local/texlive/2018/texmf-dist/tex/latex/ms/everyshi.sty
Package: everyshi 2001/05/15 v3.00 EveryShipout Package (MS)
))
(/usr/local/texlive/2018/texmf-dist/tex/generic/pgf/utilities/pgfrcs.code.tex
Package: pgfrcs 2015/08/07 v3.0.1a (rcs-revision 1.31)
))
(/usr/local/texlive/2018/texmf-dist/tex/generic/pgf/systemlayer/pgfsys.code.tex
Package: pgfsys 2014/07/09 v3.0.1a (rcs-revision 1.48)
(/usr/local/texlive/2018/texmf-dist/tex/generic/pgf/utilities/pgfkeys.code.tex
\pgfkeys@pathtoks=\toks17
\pgfkeys@temptoks=\toks18

(/usr/local/texlive/2018/texmf-dist/tex/generic/pgf/utilities/pgfkeysfiltered.c
ode.tex
\pgfkeys@tmptoks=\toks19
))
\pgf@x=\dimen130
\pgf@y=\dimen131
\pgf@xa=\dimen132
\pgf@ya=\dimen133
\pgf@xb=\dimen134
\pgf@yb=\dimen135
\pgf@xc=\dimen136
\pgf@yc=\dimen137
\w@pgf@writea=\write3
\r@pgf@reada=\read1
\c@pgf@counta=\count108
\c@pgf@countb=\count109
\c@pgf@countc=\count110
\c@pgf@countd=\count111
\t@pgf@toka=\toks20
\t@pgf@tokb=\toks21
\t@pgf@tokc=\toks22

(/usr/local/texlive/2018/texmf-dist/tex/generic/pgf/systemlayer/pgf.cfg
File: pgf.cfg 2008/05/14  (rcs-revision 1.7)
)
Driver file for pgf: pgfsys-pdftex.def

(/usr/local/texlive/2018/texmf-dist/tex/generic/pgf/systemlayer/pgfsys-pdftex.d
ef
File: pgfsys-pdftex.def 2014/10/11  (rcs-revision 1.35)

(/usr/local/texlive/2018/texmf-dist/tex/generic/pgf/systemlayer/pgfsys-common-p
df.def
File: pgfsys-common-pdf.def 2013/10/10  (rcs-revision 1.13)
)))
(/usr/local/texlive/2018/texmf-dist/tex/generic/pgf/systemlayer/pgfsyssoftpath.
code.tex
File: pgfsyssoftpath.code.tex 2013/09/09  (rcs-revision 1.9)
\pgfsyssoftpath@smallbuffer@items=\count112
\pgfsyssoftpath@bigbuffer@items=\count113
)
(/usr/local/texlive/2018/texmf-dist/tex/generic/pgf/systemlayer/pgfsysprotocol.
code.tex
File: pgfsysprotocol.code.tex 2006/10/16  (rcs-revision 1.4)
)) (/usr/local/texlive/2018/texmf-dist/tex/latex/xcolor/xcolor.sty
Package: xcolor 2016/05/11 v2.12 LaTeX color extensions (UK)

(/usr/local/texlive/2018/texmf-dist/tex/latex/graphics-cfg/color.cfg
File: color.cfg 2016/01/02 v1.6 sample color configuration
)
Package xcolor Info: Driver file: pdftex.def on input line 225.
Package xcolor Info: Model `cmy' substituted by `cmy0' on input line 1348.
Package xcolor Info: Model `hsb' substituted by `rgb' on input line 1352.
Package xcolor Info: Model `RGB' extended on input line 1364.
Package xcolor Info: Model `HTML' substituted by `rgb' on input line 1366.
Package xcolor Info: Model `Hsb' substituted by `hsb' on input line 1367.
Package xcolor Info: Model `tHsb' substituted by `hsb' on input line 1368.
Package xcolor Info: Model `HSB' substituted by `hsb' on input line 1369.
Package xcolor Info: Model `Gray' substituted by `gray' on input line 1370.
Package xcolor Info: Model `wave' substituted by `hsb' on input line 1371.
)
(/usr/local/texlive/2018/texmf-dist/tex/generic/pgf/basiclayer/pgfcore.code.tex
Package: pgfcore 2010/04/11 v3.0.1a (rcs-revision 1.7)
(/usr/local/texlive/2018/texmf-dist/tex/generic/pgf/math/pgfmath.code.tex
(/usr/local/texlive/2018/texmf-dist/tex/generic/pgf/math/pgfmathcalc.code.tex
(/usr/local/texlive/2018/texmf-dist/tex/generic/pgf/math/pgfmathutil.code.tex)
(/usr/local/texlive/2018/texmf-dist/tex/generic/pgf/math/pgfmathparser.code.tex
\pgfmath@dimen=\dimen138
\pgfmath@count=\count114
\pgfmath@box=\box35
\pgfmath@toks=\toks23
\pgfmath@stack@operand=\toks24
\pgfmath@stack@operation=\toks25
)
(/usr/local/texlive/2018/texmf-dist/tex/generic/pgf/math/pgfmathfunctions.code.
tex
(/usr/local/texlive/2018/texmf-dist/tex/generic/pgf/math/pgfmathfunctions.basic
.code.tex)
(/usr/local/texlive/2018/texmf-dist/tex/generic/pgf/math/pgfmathfunctions.trigo
nometric.code.tex)
(/usr/local/texlive/2018/texmf-dist/tex/generic/pgf/math/pgfmathfunctions.rando
m.code.tex)
(/usr/local/texlive/2018/texmf-dist/tex/generic/pgf/math/pgfmathfunctions.compa
rison.code.tex)
(/usr/local/texlive/2018/texmf-dist/tex/generic/pgf/math/pgfmathfunctions.base.
code.tex)
(/usr/local/texlive/2018/texmf-dist/tex/generic/pgf/math/pgfmathfunctions.round
.code.tex)
(/usr/local/texlive/2018/texmf-dist/tex/generic/pgf/math/pgfmathfunctions.misc.
code.tex)
(/usr/local/texlive/2018/texmf-dist/tex/generic/pgf/math/pgfmathfunctions.integ
erarithmetics.code.tex)))
(/usr/local/texlive/2018/texmf-dist/tex/generic/pgf/math/pgfmathfloat.code.tex
\c@pgfmathroundto@lastzeros=\count115
))
(/usr/local/texlive/2018/texmf-dist/tex/generic/pgf/basiclayer/pgfcorepoints.co
de.tex
File: pgfcorepoints.code.tex 2013/10/07  (rcs-revision 1.27)
\pgf@picminx=\dimen139
\pgf@picmaxx=\dimen140
\pgf@picminy=\dimen141
\pgf@picmaxy=\dimen142
\pgf@pathminx=\dimen143
\pgf@pathmaxx=\dimen144
\pgf@pathminy=\dimen145
\pgf@pathmaxy=\dimen146
\pgf@xx=\dimen147
\pgf@xy=\dimen148
\pgf@yx=\dimen149
\pgf@yy=\dimen150
\pgf@zx=\dimen151
\pgf@zy=\dimen152
)
(/usr/local/texlive/2018/texmf-dist/tex/generic/pgf/basiclayer/pgfcorepathconst
ruct.code.tex
File: pgfcorepathconstruct.code.tex 2013/10/07  (rcs-revision 1.29)
\pgf@path@lastx=\dimen153
\pgf@path@lasty=\dimen154
)
(/usr/local/texlive/2018/texmf-dist/tex/generic/pgf/basiclayer/pgfcorepathusage
.code.tex
File: pgfcorepathusage.code.tex 2014/11/02  (rcs-revision 1.24)
\pgf@shorten@end@additional=\dimen155
\pgf@shorten@start@additional=\dimen156
)
(/usr/local/texlive/2018/texmf-dist/tex/generic/pgf/basiclayer/pgfcorescopes.co
de.tex
File: pgfcorescopes.code.tex 2015/05/08  (rcs-revision 1.46)
\pgfpic=\box36
\pgf@hbox=\box37
\pgf@layerbox@main=\box38
\pgf@picture@serial@count=\count116
)
(/usr/local/texlive/2018/texmf-dist/tex/generic/pgf/basiclayer/pgfcoregraphicst
ate.code.tex
File: pgfcoregraphicstate.code.tex 2014/11/02  (rcs-revision 1.12)
\pgflinewidth=\dimen157
)
(/usr/local/texlive/2018/texmf-dist/tex/generic/pgf/basiclayer/pgfcoretransform
ations.code.tex
File: pgfcoretransformations.code.tex 2015/08/07  (rcs-revision 1.20)
\pgf@pt@x=\dimen158
\pgf@pt@y=\dimen159
\pgf@pt@temp=\dimen160
)
(/usr/local/texlive/2018/texmf-dist/tex/generic/pgf/basiclayer/pgfcorequick.cod
e.tex
File: pgfcorequick.code.tex 2008/10/09  (rcs-revision 1.3)
)
(/usr/local/texlive/2018/texmf-dist/tex/generic/pgf/basiclayer/pgfcoreobjects.c
ode.tex
File: pgfcoreobjects.code.tex 2006/10/11  (rcs-revision 1.2)
)
(/usr/local/texlive/2018/texmf-dist/tex/generic/pgf/basiclayer/pgfcorepathproce
ssing.code.tex
File: pgfcorepathprocessing.code.tex 2013/09/09  (rcs-revision 1.9)
)
(/usr/local/texlive/2018/texmf-dist/tex/generic/pgf/basiclayer/pgfcorearrows.co
de.tex
File: pgfcorearrows.code.tex 2015/05/14  (rcs-revision 1.43)
\pgfarrowsep=\dimen161
)
(/usr/local/texlive/2018/texmf-dist/tex/generic/pgf/basiclayer/pgfcoreshade.cod
e.tex
File: pgfcoreshade.code.tex 2013/07/15  (rcs-revision 1.15)
\pgf@max=\dimen162
\pgf@sys@shading@range@num=\count117
)
(/usr/local/texlive/2018/texmf-dist/tex/generic/pgf/basiclayer/pgfcoreimage.cod
e.tex
File: pgfcoreimage.code.tex 2013/07/15  (rcs-revision 1.18)

(/usr/local/texlive/2018/texmf-dist/tex/generic/pgf/basiclayer/pgfcoreexternal.
code.tex
File: pgfcoreexternal.code.tex 2014/07/09  (rcs-revision 1.21)
\pgfexternal@startupbox=\box39
))
(/usr/local/texlive/2018/texmf-dist/tex/generic/pgf/basiclayer/pgfcorelayers.co
de.tex
File: pgfcorelayers.code.tex 2013/07/18  (rcs-revision 1.7)
)
(/usr/local/texlive/2018/texmf-dist/tex/generic/pgf/basiclayer/pgfcoretranspare
ncy.code.tex
File: pgfcoretransparency.code.tex 2013/09/30  (rcs-revision 1.5)
)
(/usr/local/texlive/2018/texmf-dist/tex/generic/pgf/basiclayer/pgfcorepatterns.
code.tex
File: pgfcorepatterns.code.tex 2013/11/07  (rcs-revision 1.5)
)))
(/usr/local/texlive/2018/texmf-dist/tex/latex/pgf/utilities/xxcolor.sty
Package: xxcolor 2003/10/24 ver 0.1
\XC@nummixins=\count118
\XC@countmixins=\count119
)
(/usr/local/texlive/2018/texmf-dist/tex/generic/oberdiek/atbegshi.sty
Package: atbegshi 2016/06/09 v1.18 At begin shipout hook (HO)

(/usr/local/texlive/2018/texmf-dist/tex/generic/oberdiek/infwarerr.sty
Package: infwarerr 2016/05/16 v1.4 Providing info/warning/error messages (HO)
)
(/usr/local/texlive/2018/texmf-dist/tex/generic/oberdiek/ltxcmds.sty
Package: ltxcmds 2016/05/16 v1.23 LaTeX kernel commands for general use (HO)
))
(/usr/local/texlive/2018/texmf-dist/tex/latex/hyperref/hyperref.sty
Package: hyperref 2018/02/06 v6.86b Hypertext links for LaTeX

(/usr/local/texlive/2018/texmf-dist/tex/generic/oberdiek/hobsub-hyperref.sty
Package: hobsub-hyperref 2016/05/16 v1.14 Bundle oberdiek, subset hyperref (HO)


(/usr/local/texlive/2018/texmf-dist/tex/generic/oberdiek/hobsub-generic.sty
Package: hobsub-generic 2016/05/16 v1.14 Bundle oberdiek, subset generic (HO)
Package: hobsub 2016/05/16 v1.14 Construct package bundles (HO)
Package hobsub Info: Skipping package `infwarerr' (already loaded).
Package hobsub Info: Skipping package `ltxcmds' (already loaded).
Package: ifluatex 2016/05/16 v1.4 Provides the ifluatex switch (HO)
Package ifluatex Info: LuaTeX not detected.
Package hobsub Info: Skipping package `ifvtex' (already loaded).
Package: intcalc 2016/05/16 v1.2 Expandable calculations with integers (HO)
Package hobsub Info: Skipping package `ifpdf' (already loaded).
Package: etexcmds 2016/05/16 v1.6 Avoid name clashes with e-TeX commands (HO)
Package etexcmds Info: Could not find \expanded.
(etexcmds)             That can mean that you are not using pdfTeX 1.50 or
(etexcmds)             that some package has redefined \expanded.
(etexcmds)             In the latter case, load this package earlier.
Package: kvsetkeys 2016/05/16 v1.17 Key value parser (HO)
Package: kvdefinekeys 2016/05/16 v1.4 Define keys (HO)
Package: pdftexcmds 2018/01/30 v0.27 Utility functions of pdfTeX for LuaTeX (HO
)
Package pdftexcmds Info: LuaTeX not detected.
Package pdftexcmds Info: \pdf@primitive is available.
Package pdftexcmds Info: \pdf@ifprimitive is available.
Package pdftexcmds Info: \pdfdraftmode found.
Package: pdfescape 2016/05/16 v1.14 Implements pdfTeX's escape features (HO)
Package: bigintcalc 2016/05/16 v1.4 Expandable calculations on big integers (HO
)
Package: bitset 2016/05/16 v1.2 Handle bit-vector datatype (HO)
Package: uniquecounter 2016/05/16 v1.3 Provide unlimited unique counter (HO)
)
Package hobsub Info: Skipping package `hobsub' (already loaded).
Package: letltxmacro 2016/05/16 v1.5 Let assignment for LaTeX macros (HO)
Package: hopatch 2016/05/16 v1.3 Wrapper for package hooks (HO)
Package: xcolor-patch 2016/05/16 xcolor patch
Package: atveryend 2016/05/16 v1.9 Hooks at the very end of document (HO)
Package hobsub Info: Skipping package `atbegshi' (already loaded).
Package: refcount 2016/05/16 v3.5 Data extraction from label references (HO)
Package: hycolor 2016/05/16 v1.8 Color options for hyperref/bookmark (HO)
)
(/usr/local/texlive/2018/texmf-dist/tex/latex/oberdiek/auxhook.sty
Package: auxhook 2016/05/16 v1.4 Hooks for auxiliary files (HO)
)
(/usr/local/texlive/2018/texmf-dist/tex/latex/oberdiek/kvoptions.sty
Package: kvoptions 2016/05/16 v3.12 Key value format for package options (HO)
)
\@linkdim=\dimen163
\Hy@linkcounter=\count120
\Hy@pagecounter=\count121

(/usr/local/texlive/2018/texmf-dist/tex/latex/hyperref/pd1enc.def
File: pd1enc.def 2018/02/06 v6.86b Hyperref: PDFDocEncoding definition (HO)
Now handling font encoding PD1 ...
... no UTF-8 mapping file for font encoding PD1
)
\Hy@SavedSpaceFactor=\count122

(/usr/local/texlive/2018/texmf-dist/tex/latex/latexconfig/hyperref.cfg
File: hyperref.cfg 2002/06/06 v1.2 hyperref configuration of TeXLive
)
Package hyperref Info: Option `bookmarks' set `true' on input line 4383.
Package hyperref Info: Option `bookmarksopen' set `true' on input line 4383.
Package hyperref Info: Option `implicit' set `false' on input line 4383.
Package hyperref Info: Hyper figures OFF on input line 4509.
Package hyperref Info: Link nesting OFF on input line 4514.
Package hyperref Info: Hyper index ON on input line 4517.
Package hyperref Info: Plain pages OFF on input line 4524.
Package hyperref Info: Backreferencing OFF on input line 4529.
Package hyperref Info: Implicit mode OFF; no redefinition of LaTeX internals.
Package hyperref Info: Bookmarks ON on input line 4762.
\c@Hy@tempcnt=\count123

(/usr/local/texlive/2018/texmf-dist/tex/latex/url/url.sty
\Urlmuskip=\muskip10
Package: url 2013/09/16  ver 3.4  Verb mode for urls, etc.
)
LaTeX Info: Redefining \url on input line 5115.
\XeTeXLinkMargin=\dimen164
\Fld@menulength=\count124
\Field@Width=\dimen165
\Fld@charsize=\dimen166
Package hyperref Info: Hyper figures OFF on input line 6369.
Package hyperref Info: Link nesting OFF on input line 6374.
Package hyperref Info: Hyper index ON on input line 6377.
Package hyperref Info: backreferencing OFF on input line 6384.
Package hyperref Info: Link coloring OFF on input line 6389.
Package hyperref Info: Link coloring with OCG OFF on input line 6394.
Package hyperref Info: PDF/A mode OFF on input line 6399.
LaTeX Info: Redefining \ref on input line 6439.
LaTeX Info: Redefining \pageref on input line 6443.
\Hy@abspage=\count125


Package hyperref Message: Stopped early.

)
Package hyperref Info: Driver (autodetected): hpdftex.
 (/usr/local/texlive/2018/texmf-dist/tex/latex/hyperref/hpdftex.def
File: hpdftex.def 2018/02/06 v6.86b Hyperref driver for pdfTeX
\Fld@listcount=\count126
\c@bookmark@seq@number=\count127

(/usr/local/texlive/2018/texmf-dist/tex/latex/oberdiek/rerunfilecheck.sty
Package: rerunfilecheck 2016/05/16 v1.8 Rerun checks for auxiliary files (HO)
Package uniquecounter Info: New unique counter `rerunfilecheck' on input line 2
82.
))
(/usr/local/texlive/2018/texmf-dist/tex/latex/beamer/beamerbaserequires.sty
(/usr/local/texlive/2018/texmf-dist/tex/latex/beamer/beamerbasecompatibility.st
y) (/usr/local/texlive/2018/texmf-dist/tex/latex/beamer/beamerbasefont.sty
(/usr/local/texlive/2018/texmf-dist/tex/latex/amsfonts/amssymb.sty
Package: amssymb 2013/01/14 v3.01 AMS font symbols

(/usr/local/texlive/2018/texmf-dist/tex/latex/amsfonts/amsfonts.sty
Package: amsfonts 2013/01/14 v3.01 Basic AMSFonts support
\@emptytoks=\toks26
\symAMSa=\mathgroup4
\symAMSb=\mathgroup5
LaTeX Font Info:    Overwriting math alphabet `\mathfrak' in version `bold'
(Font)                  U/euf/m/n --> U/euf/b/n on input line 106.
))
(/usr/local/texlive/2018/texmf-dist/tex/latex/sansmathaccent/sansmathaccent.sty
Package: sansmathaccent 2013/03/28
(/usr/local/texlive/2018/texmf-dist/tex/latex/filehook/filehook.sty
Package: filehook 2011/10/12 v0.5d Hooks for input files
)))
(/usr/local/texlive/2018/texmf-dist/tex/latex/beamer/beamerbasetranslator.sty
(/usr/local/texlive/2018/texmf-dist/tex/latex/translator/translator.sty
Package: translator 2018/01/04 v1.12 Easy translation of strings in LaTeX
))
(/usr/local/texlive/2018/texmf-dist/tex/latex/beamer/beamerbasemisc.sty)
(/usr/local/texlive/2018/texmf-dist/tex/latex/beamer/beamerbasetwoscreens.sty)
(/usr/local/texlive/2018/texmf-dist/tex/latex/beamer/beamerbaseoverlay.sty
\beamer@argscount=\count128
\beamer@lastskipcover=\skip44
\beamer@trivlistdepth=\count129
)
(/usr/local/texlive/2018/texmf-dist/tex/latex/beamer/beamerbasetitle.sty)
(/usr/local/texlive/2018/texmf-dist/tex/latex/beamer/beamerbasesection.sty
\c@lecture=\count130
\c@part=\count131
\c@section=\count132
\c@subsection=\count133
\c@subsubsection=\count134
)
(/usr/local/texlive/2018/texmf-dist/tex/latex/beamer/beamerbaseframe.sty
\beamer@framebox=\box40
\beamer@frametitlebox=\box41
\beamer@zoombox=\box42
\beamer@zoomcount=\count135
\beamer@zoomframecount=\count136
\beamer@frametextheight=\dimen167
\c@subsectionslide=\count137
\beamer@frametopskip=\skip45
\beamer@framebottomskip=\skip46
\beamer@frametopskipautobreak=\skip47
\beamer@framebottomskipautobreak=\skip48
\beamer@envbody=\toks27
\framewidth=\dimen168
\c@framenumber=\count138
)
(/usr/local/texlive/2018/texmf-dist/tex/latex/beamer/beamerbaseverbatim.sty
\beamer@verbatimfileout=\write4
)
(/usr/local/texlive/2018/texmf-dist/tex/latex/beamer/beamerbaseframesize.sty
\beamer@splitbox=\box43
\beamer@autobreakcount=\count139
\beamer@autobreaklastheight=\dimen169
\beamer@frametitletoks=\toks28
\beamer@framesubtitletoks=\toks29
)
(/usr/local/texlive/2018/texmf-dist/tex/latex/beamer/beamerbaseframecomponents.
sty
\beamer@footins=\box44
) (/usr/local/texlive/2018/texmf-dist/tex/latex/beamer/beamerbasecolor.sty
\beamer@bg@ht=\dimen170
\beamer@bg@wd=\dimen171
\beamer@bg@dp=\dimen172
)
(/usr/local/texlive/2018/texmf-dist/tex/latex/beamer/beamerbasenotes.sty
\beamer@frameboxcopy=\box45
)
(/usr/local/texlive/2018/texmf-dist/tex/latex/beamer/beamerbasetoc.sty)
(/usr/local/texlive/2018/texmf-dist/tex/latex/beamer/beamerbasetemplates.sty
\beamer@sbttoks=\toks30

(/usr/local/texlive/2018/texmf-dist/tex/latex/beamer/beamerbaseauxtemplates.sty
(/usr/local/texlive/2018/texmf-dist/tex/latex/beamer/beamerbaseboxes.sty
\bmb@box=\box46
\bmb@colorbox=\box47
\bmb@boxshadow=\box48
\bmb@boxshadowball=\box49
\bmb@boxshadowballlarge=\box50
\bmb@temp=\dimen173
\bmb@dima=\dimen174
\bmb@dimb=\dimen175
\bmb@prevheight=\dimen176
)
\beamer@blockheadheight=\dimen177
))
(/usr/local/texlive/2018/texmf-dist/tex/latex/beamer/beamerbaselocalstructure.s
ty (/usr/local/texlive/2018/texmf-dist/tex/latex/tools/enumerate.sty
Package: enumerate 2015/07/23 v3.00 enumerate extensions (DPC)
\@enLab=\toks31
)
\c@figure=\count140
\c@table=\count141
\abovecaptionskip=\skip49
\belowcaptionskip=\skip50
)
(/usr/local/texlive/2018/texmf-dist/tex/latex/beamer/beamerbasenavigation.sty
\beamer@section@min@dim=\dimen178
)
(/usr/local/texlive/2018/texmf-dist/tex/latex/beamer/beamerbasetheorems.sty
(/usr/local/texlive/2018/texmf-dist/tex/latex/amsmath/amsmath.sty
Package: amsmath 2017/09/02 v2.17a AMS math features
\@mathmargin=\skip51

For additional information on amsmath, use the `?' option.
(/usr/local/texlive/2018/texmf-dist/tex/latex/amsmath/amstext.sty
Package: amstext 2000/06/29 v2.01 AMS text

(/usr/local/texlive/2018/texmf-dist/tex/latex/amsmath/amsgen.sty
File: amsgen.sty 1999/11/30 v2.0 generic functions
\@emptytoks=\toks32
\ex@=\dimen179
))
(/usr/local/texlive/2018/texmf-dist/tex/latex/amsmath/amsbsy.sty
Package: amsbsy 1999/11/29 v1.2d Bold Symbols
\pmbraise@=\dimen180
)
(/usr/local/texlive/2018/texmf-dist/tex/latex/amsmath/amsopn.sty
Package: amsopn 2016/03/08 v2.02 operator names
)
\inf@bad=\count142
LaTeX Info: Redefining \frac on input line 213.
\uproot@=\count143
\leftroot@=\count144
LaTeX Info: Redefining \overline on input line 375.
\classnum@=\count145
\DOTSCASE@=\count146
LaTeX Info: Redefining \ldots on input line 472.
LaTeX Info: Redefining \dots on input line 475.
LaTeX Info: Redefining \cdots on input line 596.
\Mathstrutbox@=\box51
\strutbox@=\box52
\big@size=\dimen181
LaTeX Font Info:    Redeclaring font encoding OML on input line 712.
LaTeX Font Info:    Redeclaring font encoding OMS on input line 713.
\macc@depth=\count147
\c@MaxMatrixCols=\count148
\dotsspace@=\muskip11
\c@parentequation=\count149
\dspbrk@lvl=\count150
\tag@help=\toks33
\row@=\count151
\column@=\count152
\maxfields@=\count153
\andhelp@=\toks34
\eqnshift@=\dimen182
\alignsep@=\dimen183
\tagshift@=\dimen184
\tagwidth@=\dimen185
\totwidth@=\dimen186
\lineht@=\dimen187
\@envbody=\toks35
\multlinegap=\skip52
\multlinetaggap=\skip53
\mathdisplay@stack=\toks36
LaTeX Info: Redefining \[ on input line 2817.
LaTeX Info: Redefining \] on input line 2818.
)
(/usr/local/texlive/2018/texmf-dist/tex/latex/amscls/amsthm.sty
Package: amsthm 2017/10/31 v2.20.4
\thm@style=\toks37
\thm@bodyfont=\toks38
\thm@headfont=\toks39
\thm@notefont=\toks40
\thm@headpunct=\toks41
\thm@preskip=\skip54
\thm@postskip=\skip55
\thm@headsep=\skip56
\dth@everypar=\toks42
)
\c@theorem=\count154
)
(/usr/local/texlive/2018/texmf-dist/tex/latex/beamer/beamerbasethemes.sty))
(/usr/local/texlive/2018/texmf-dist/tex/latex/beamer/beamerthemedefault.sty
(/usr/local/texlive/2018/texmf-dist/tex/latex/beamer/beamerfontthemedefault.sty
)
(/usr/local/texlive/2018/texmf-dist/tex/latex/beamer/beamercolorthemedefault.st
y)
(/usr/local/texlive/2018/texmf-dist/tex/latex/beamer/beamerinnerthemedefault.st
y
\beamer@dima=\dimen188
\beamer@dimb=\dimen189
)
(/usr/local/texlive/2018/texmf-dist/tex/latex/beamer/beamerouterthemedefault.st
y)))
(/usr/local/texlive/texmf-local/tex/latex/beamer/themes/theme/beamerthemeldv.st
y
(/usr/local/texlive/texmf-local/tex/latex/beamer/themes/font/beamerfontthemeldv
.sty)
(/usr/local/texlive/texmf-local/tex/latex/beamer/themes/color/beamercolorthemel
dv.sty)
(/usr/local/texlive/texmf-local/tex/latex/beamer/themes/router/beameroutertheme
ldv.sty)) (/usr/local/texlive/2018/texmf-dist/tex/latex/base/inputenc.sty
Package: inputenc 2018/04/06 v1.3b Input encoding file
\inpenc@prehook=\toks43
\inpenc@posthook=\toks44
)
(/usr/local/texlive/2018/texmf-dist/tex/latex/psnfss/times.sty
Package: times 2005/04/12 PSNFSS-v9.2a (SPQR) 
)
(/usr/local/texlive/2018/texmf-dist/tex/latex/fancyvrb/fancyvrb.sty
Package: fancyvrb 2008/02/07

Style option: `fancyvrb' v2.7a, with DG/SPQR fixes, and firstline=lastline fix 
<2008/02/07> (tvz)
\FV@CodeLineNo=\count155
\FV@InFile=\read2
\FV@TabBox=\box53
\c@FancyVerbLine=\count156
\FV@StepNumber=\count157
\FV@OutFile=\write5
)
(/usr/local/texlive/2018/texmf-dist/tex/latex/tools/array.sty
Package: array 2018/04/07 v2.4g Tabular extension package (FMi)
\col@sep=\dimen190
\ar@mcellbox=\box54
\extrarowheight=\dimen191
\NC@list=\toks45
\extratabsurround=\skip57
\backup@length=\skip58
\ar@cellbox=\box55
)
(/usr/local/texlive/2018/texmf-dist/tex/latex/colortbl/colortbl.sty
Package: colortbl 2012/02/13 v1.0a Color table columns (DPC)
\everycr=\toks46
\minrowclearance=\skip59
)
(/usr/local/texlive/2018/texmf-dist/tex/latex/tools/tabularx.sty
Package: tabularx 2016/02/03 v2.11b `tabularx' package (DPC)
\TX@col@width=\dimen192
\TX@old@table=\dimen193
\TX@old@col=\dimen194
\TX@target=\dimen195
\TX@delta=\dimen196
\TX@cols=\count158
\TX@ftn=\toks47
)
(/usr/local/texlive/2018/texmf-dist/tex/latex/listings/listings.sty
\lst@mode=\count159
\lst@gtempboxa=\box56
\lst@token=\toks48
\lst@length=\count160
\lst@currlwidth=\dimen197
\lst@column=\count161
\lst@pos=\count162
\lst@lostspace=\dimen198
\lst@width=\dimen199
\lst@newlines=\count163
\lst@lineno=\count164
\lst@maxwidth=\dimen256

(/usr/local/texlive/2018/texmf-dist/tex/latex/listings/lstmisc.sty
File: lstmisc.sty 2015/06/04 1.6 (Carsten Heinz)
\c@lstnumber=\count165
\lst@skipnumbers=\count166
\lst@framebox=\box57
)
(/usr/local/texlive/2018/texmf-dist/tex/latex/listings/listings.cfg
File: listings.cfg 2015/06/04 1.6 listings configuration
))
Package: listings 2015/06/04 1.6 (Carsten Heinz)

(/usr/local/texlive/2018/texmf-dist/tex/latex/beamer/multimedia.sty
Package: multimedia 2012/05/02 ver 0.02
\mm@movie=\count167
)
(./example.aux

LaTeX Warning: Label `discussion:accuracy-offline' multiply defined.


LaTeX Warning: Label `eq:ild' multiply defined.

)
\openout1 = `example.aux'.

LaTeX Font Info:    Checking defaults for OML/cmm/m/it on input line 53.
LaTeX Font Info:    ... okay on input line 53.
LaTeX Font Info:    Checking defaults for T1/cmr/m/n on input line 53.
LaTeX Font Info:    ... okay on input line 53.
LaTeX Font Info:    Checking defaults for OT1/cmr/m/n on input line 53.
LaTeX Font Info:    ... okay on input line 53.
LaTeX Font Info:    Checking defaults for OMS/cmsy/m/n on input line 53.
LaTeX Font Info:    ... okay on input line 53.
LaTeX Font Info:    Checking defaults for OMX/cmex/m/n on input line 53.
LaTeX Font Info:    ... okay on input line 53.
LaTeX Font Info:    Checking defaults for U/cmr/m/n on input line 53.
LaTeX Font Info:    ... okay on input line 53.
LaTeX Font Info:    Checking defaults for PD1/pdf/m/n on input line 53.
LaTeX Font Info:    ... okay on input line 53.
LaTeX Font Info:    Try loading font information for OT1+phv on input line 53.
 (/usr/local/texlive/2018/texmf-dist/tex/latex/psnfss/ot1phv.fd
File: ot1phv.fd 2001/06/04 scalable font definitions for OT1/phv.
)
*geometry* driver: auto-detecting
*geometry* detected driver: pdftex
*geometry* verbose mode - [ preamble ] result:
* driver: pdftex
* paper: custom
* layout: <same size as paper>
* layoutoffset:(h,v)=(0.0pt,0.0pt)
* modes: includehead includefoot 
* h-part:(L,W,R)=(28.45274pt, 307.28987pt, 28.45274pt)
* v-part:(T,H,B)=(0.0pt, 273.14662pt, 0.0pt)
* \paperwidth=364.19536pt
* \paperheight=273.14662pt
* \textwidth=307.28987pt
* \textheight=244.6939pt
* \oddsidemargin=-43.81725pt
* \evensidemargin=-43.81725pt
* \topmargin=-72.26999pt
* \headheight=14.22636pt
* \headsep=0.0pt
* \topskip=11.0pt
* \footskip=14.22636pt
* \marginparwidth=4.0pt
* \marginparsep=10.0pt
* \columnsep=10.0pt
* \skip\footins=10.0pt plus 4.0pt minus 2.0pt
* \hoffset=0.0pt
* \voffset=0.0pt
* \mag=1000
* \@twocolumnfalse
* \@twosidefalse
* \@mparswitchfalse
* \@reversemarginfalse
* (1in=72.27pt=25.4mm, 1cm=28.453pt)

(/usr/local/texlive/2018/texmf-dist/tex/context/base/mkii/supp-pdf.mkii
[Loading MPS to PDF converter (version 2006.09.02).]
\scratchcounter=\count168
\scratchdimen=\dimen257
\scratchbox=\box58
\nofMPsegments=\count169
\nofMParguments=\count170
\everyMPshowfont=\toks49
\MPscratchCnt=\count171
\MPscratchDim=\dimen258
\MPnumerator=\count172
\makeMPintoPDFobject=\count173
\everyMPtoPDFconversion=\toks50
) (/usr/local/texlive/2018/texmf-dist/tex/latex/oberdiek/epstopdf-base.sty
Package: epstopdf-base 2016/05/15 v2.6 Base part for package epstopdf

(/usr/local/texlive/2018/texmf-dist/tex/latex/oberdiek/grfext.sty
Package: grfext 2016/05/16 v1.2 Manage graphics extensions (HO)
)
Package epstopdf-base Info: Redefining graphics rule for `.eps' on input line 4
38.
Package grfext Info: Graphics extension search list:
(grfext)             [.pdf,.png,.jpg,.mps,.jpeg,.jbig2,.jb2,.PDF,.PNG,.JPG,.JPE
G,.JBIG2,.JB2,.eps]
(grfext)             \AppendGraphicsExtensions on input line 456.

(/usr/local/texlive/2018/texmf-dist/tex/latex/latexconfig/epstopdf-sys.cfg
File: epstopdf-sys.cfg 2010/07/13 v1.3 Configuration of (r)epstopdf for TeX Liv
e
))
ABD: EveryShipout initializing macros
\AtBeginShipoutBox=\box59
Package hyperref Info: Link coloring OFF on input line 53.

(/usr/local/texlive/2018/texmf-dist/tex/latex/hyperref/nameref.sty
Package: nameref 2016/05/21 v2.44 Cross-referencing by name of section

(/usr/local/texlive/2018/texmf-dist/tex/generic/oberdiek/gettitlestring.sty
Package: gettitlestring 2016/05/16 v1.5 Cleanup title references (HO)
)
\c@section@level=\count174
)
LaTeX Info: Redefining \ref on input line 53.
LaTeX Info: Redefining \pageref on input line 53.
LaTeX Info: Redefining \nameref on input line 53.

(./example.out) (./example.out)
\@outlinefile=\write6
\openout6 = `example.out'.

LaTeX Font Info:    Overwriting symbol font `operators' in version `normal'
(Font)                  OT1/cmr/m/n --> OT1/cmss/m/n on input line 53.
LaTeX Font Info:    Overwriting symbol font `operators' in version `bold'
(Font)                  OT1/cmr/bx/n --> OT1/cmss/bx/n on input line 53.
\symnumbers=\mathgroup6
\sympureletters=\mathgroup7
LaTeX Font Info:    Overwriting math alphabet `\mathrm' in version `normal'
(Font)                  OT1/cmss/m/n --> OT1/ptm/m/n on input line 53.
LaTeX Font Info:    Redeclaring math alphabet \mathbf on input line 53.
LaTeX Font Info:    Overwriting math alphabet `\mathbf' in version `normal'
(Font)                  OT1/cmr/bx/n --> OT1/phv/bx/n on input line 53.
LaTeX Font Info:    Overwriting math alphabet `\mathbf' in version `bold'
(Font)                  OT1/cmr/bx/n --> OT1/phv/bx/n on input line 53.
LaTeX Font Info:    Redeclaring math alphabet \mathsf on input line 53.
LaTeX Font Info:    Overwriting math alphabet `\mathsf' in version `normal'
(Font)                  OT1/cmss/m/n --> OT1/phv/m/n on input line 53.
LaTeX Font Info:    Overwriting math alphabet `\mathsf' in version `bold'
(Font)                  OT1/cmss/bx/n --> OT1/phv/m/n on input line 53.
LaTeX Font Info:    Redeclaring math alphabet \mathit on input line 53.
LaTeX Font Info:    Overwriting math alphabet `\mathit' in version `normal'
(Font)                  OT1/cmr/m/it --> OT1/phv/m/it on input line 53.
LaTeX Font Info:    Overwriting math alphabet `\mathit' in version `bold'
(Font)                  OT1/cmr/bx/it --> OT1/phv/m/it on input line 53.
LaTeX Font Info:    Redeclaring math alphabet \mathtt on input line 53.
LaTeX Font Info:    Overwriting math alphabet `\mathtt' in version `normal'
(Font)                  OT1/cmtt/m/n --> OT1/pcr/m/n on input line 53.
LaTeX Font Info:    Overwriting math alphabet `\mathtt' in version `bold'
(Font)                  OT1/cmtt/m/n --> OT1/pcr/m/n on input line 53.
LaTeX Font Info:    Overwriting symbol font `numbers' in version `bold'
(Font)                  OT1/phv/m/n --> OT1/phv/bx/n on input line 53.
LaTeX Font Info:    Overwriting symbol font `pureletters' in version `bold'
(Font)                  OT1/phv/m/it --> OT1/phv/bx/it on input line 53.
LaTeX Font Info:    Overwriting math alphabet `\mathrm' in version `bold'
(Font)                  OT1/cmss/bx/n --> OT1/ptm/bx/n on input line 53.
LaTeX Font Info:    Overwriting math alphabet `\mathbf' in version `bold'
(Font)                  OT1/phv/bx/n --> OT1/phv/bx/n on input line 53.
LaTeX Font Info:    Overwriting math alphabet `\mathsf' in version `bold'
(Font)                  OT1/phv/m/n --> OT1/phv/bx/n on input line 53.
LaTeX Font Info:    Overwriting math alphabet `\mathit' in version `bold'
(Font)                  OT1/phv/m/it --> OT1/phv/bx/it on input line 53.
LaTeX Font Info:    Overwriting math alphabet `\mathtt' in version `bold'
(Font)                  OT1/pcr/m/n --> OT1/pcr/bx/n on input line 53.

(/usr/local/texlive/2018/texmf-dist/tex/latex/translator/translator-basic-dicti
onary-English.dict
Dictionary: translator-basic-dictionary, Language: English 
)
(/usr/local/texlive/2018/texmf-dist/tex/latex/translator/translator-bibliograph
y-dictionary-English.dict
Dictionary: translator-bibliography-dictionary, Language: English 
)
(/usr/local/texlive/2018/texmf-dist/tex/latex/translator/translator-environment
-dictionary-English.dict
Dictionary: translator-environment-dictionary, Language: English 
)
(/usr/local/texlive/2018/texmf-dist/tex/latex/translator/translator-months-dict
ionary-English.dict
Dictionary: translator-months-dictionary, Language: English 
)
(/usr/local/texlive/2018/texmf-dist/tex/latex/translator/translator-numbers-dic
tionary-English.dict
Dictionary: translator-numbers-dictionary, Language: English 
)
(/usr/local/texlive/2018/texmf-dist/tex/latex/translator/translator-theorem-dic
tionary-English.dict
Dictionary: translator-theorem-dictionary, Language: English 
)
\c@lstlisting=\count175
 (./example.nav)
LaTeX Font Info:    Try loading font information for U+msa on input line 53.

(/usr/local/texlive/2018/texmf-dist/tex/latex/amsfonts/umsa.fd
File: umsa.fd 2013/01/14 v3.01 AMS symbols A
)
LaTeX Font Info:    Try loading font information for U+msb on input line 53.

(/usr/local/texlive/2018/texmf-dist/tex/latex/amsfonts/umsb.fd
File: umsb.fd 2013/01/14 v3.01 AMS symbols B
)
LaTeX Font Info:    Font shape `OT1/phv/m/it' in size <6> not available
(Font)              Font shape `OT1/phv/m/sl' tried instead on input line 53.
LaTeX Font Info:    Font shape `OT1/phv/m/it' in size <5> not available
(Font)              Font shape `OT1/phv/m/sl' tried instead on input line 53.

Overfull \hbox (1.57678pt too wide) in paragraph at lines 53--53
[][][][]  
 []

File: ldvlogo_neu.pdf Graphic file (type pdf)
<use ldvlogo_neu.pdf>
Package pdftex.def Info: ldvlogo_neu.pdf  used on input line 53.
(pdftex.def)             Requested size: 65.64241pt x 14.75447pt.
File: tumlogo.pdf Graphic file (type pdf)
<use tumlogo.pdf>
Package pdftex.def Info: tumlogo.pdf  used on input line 53.
(pdftex.def)             Requested size: 91.69171pt x 13.0988pt.
File: ldvlogo_neu.pdf Graphic file (type pdf)
<use ldvlogo_neu.pdf>
Package pdftex.def Info: ldvlogo_neu.pdf  used on input line 58.
(pdftex.def)             Requested size: 65.64241pt x 14.75447pt.
File: tumlogo.pdf Graphic file (type pdf)
<use tumlogo.pdf>
Package pdftex.def Info: tumlogo.pdf  used on input line 58.
(pdftex.def)             Requested size: 91.69171pt x 13.0988pt.

Overfull \hbox (1.57678pt too wide) has occurred while \output is active
[][][][] 
 []

[1

{/usr/local/texlive/2018/texmf-var/fonts/map/pdftex/updmap/pdftex.map} </usr/lo
cal/texlive/2018/texmf-dist/tex/latex/beamertheme-ldv/ldvlogo_neu.pdf> </usr/lo
cal/texlive/2018/texmf-dist/tex/latex/beamertheme-ldv/tumlogo.pdf>]
(./example.toc)
File: ldvlogo_neu.pdf Graphic file (type pdf)
<use ldvlogo_neu.pdf>
Package pdftex.def Info: ldvlogo_neu.pdf  used on input line 64.
(pdftex.def)             Requested size: 65.64241pt x 14.75447pt.
File: tumlogo.pdf Graphic file (type pdf)
<use tumlogo.pdf>
Package pdftex.def Info: tumlogo.pdf  used on input line 64.
(pdftex.def)             Requested size: 91.69171pt x 13.0988pt.

Overfull \hbox (1.57678pt too wide) has occurred while \output is active
[][][][] 
 []

[2

]
LaTeX Font Info:    Font shape `OT1/phv/m/it' in size <10.95> not available
(Font)              Font shape `OT1/phv/m/sl' tried instead on input line 80.
LaTeX Font Info:    Font shape `OT1/phv/m/it' in size <8> not available
(Font)              Font shape `OT1/phv/m/sl' tried instead on input line 80.
File: ldvlogo_neu.pdf Graphic file (type pdf)
<use ldvlogo_neu.pdf>
Package pdftex.def Info: ldvlogo_neu.pdf  used on input line 80.
(pdftex.def)             Requested size: 65.64241pt x 14.75447pt.
File: tumlogo.pdf Graphic file (type pdf)
<use tumlogo.pdf>
Package pdftex.def Info: tumlogo.pdf  used on input line 80.
(pdftex.def)             Requested size: 91.69171pt x 13.0988pt.

Overfull \hbox (1.57678pt too wide) has occurred while \output is active
[][][][] 
 []

[3

]
File: ldvlogo_neu.pdf Graphic file (type pdf)
<use ldvlogo_neu.pdf>
Package pdftex.def Info: ldvlogo_neu.pdf  used on input line 101.
(pdftex.def)             Requested size: 65.64241pt x 14.75447pt.
File: tumlogo.pdf Graphic file (type pdf)
<use tumlogo.pdf>
Package pdftex.def Info: tumlogo.pdf  used on input line 101.
(pdftex.def)             Requested size: 91.69171pt x 13.0988pt.

Overfull \hbox (1.57678pt too wide) has occurred while \output is active
[][][][] 
 []

[4

]
File: ldvlogo_neu.pdf Graphic file (type pdf)
<use ldvlogo_neu.pdf>
Package pdftex.def Info: ldvlogo_neu.pdf  used on input line 116.
(pdftex.def)             Requested size: 65.64241pt x 14.75447pt.
File: tumlogo.pdf Graphic file (type pdf)
<use tumlogo.pdf>
Package pdftex.def Info: tumlogo.pdf  used on input line 116.
(pdftex.def)             Requested size: 91.69171pt x 13.0988pt.

Overfull \hbox (1.57678pt too wide) has occurred while \output is active
[][][][] 
 []

[5

]
File: ldvlogo_neu.pdf Graphic file (type pdf)
<use ldvlogo_neu.pdf>
Package pdftex.def Info: ldvlogo_neu.pdf  used on input line 136.
(pdftex.def)             Requested size: 65.64241pt x 14.75447pt.
File: tumlogo.pdf Graphic file (type pdf)
<use tumlogo.pdf>
Package pdftex.def Info: tumlogo.pdf  used on input line 136.
(pdftex.def)             Requested size: 91.69171pt x 13.0988pt.

Overfull \hbox (1.57678pt too wide) has occurred while \output is active
[][][][] 
 []

[6

]
<images/HighLevelContentBased.png, id=342, 609.27625pt x 419.5675pt>
File: images/HighLevelContentBased.png Graphic file (type png)
<use images/HighLevelContentBased.png>
Package pdftex.def Info: images/HighLevelContentBased.png  used on input line 1
45.
(pdftex.def)             Requested size: 304.63737pt x 209.78323pt.
 [7

 <./images/HighLevelContentBased.png>]
File: ldvlogo_neu.pdf Graphic file (type pdf)
<use ldvlogo_neu.pdf>
Package pdftex.def Info: ldvlogo_neu.pdf  used on input line 164.
(pdftex.def)             Requested size: 65.64241pt x 14.75447pt.
File: tumlogo.pdf Graphic file (type pdf)
<use tumlogo.pdf>
Package pdftex.def Info: tumlogo.pdf  used on input line 164.
(pdftex.def)             Requested size: 91.69171pt x 13.0988pt.

Overfull \hbox (1.57678pt too wide) has occurred while \output is active
[][][][] 
 []

[8

]
File: ldvlogo_neu.pdf Graphic file (type pdf)
<use ldvlogo_neu.pdf>
Package pdftex.def Info: ldvlogo_neu.pdf  used on input line 191.
(pdftex.def)             Requested size: 65.64241pt x 14.75447pt.
File: tumlogo.pdf Graphic file (type pdf)
<use tumlogo.pdf>
Package pdftex.def Info: tumlogo.pdf  used on input line 191.
(pdftex.def)             Requested size: 91.69171pt x 13.0988pt.

Overfull \hbox (1.57678pt too wide) has occurred while \output is active
[][][][] 
 []

[9

]
LaTeX Font Info:    Try loading font information for OT1+ptm on input line 221.

 (/usr/local/texlive/2018/texmf-dist/tex/latex/psnfss/ot1ptm.fd
File: ot1ptm.fd 2001/06/04 font definitions for OT1/ptm.
)
File: ldvlogo_neu.pdf Graphic file (type pdf)
<use ldvlogo_neu.pdf>
Package pdftex.def Info: ldvlogo_neu.pdf  used on input line 221.
(pdftex.def)             Requested size: 65.64241pt x 14.75447pt.
File: tumlogo.pdf Graphic file (type pdf)
<use tumlogo.pdf>
Package pdftex.def Info: tumlogo.pdf  used on input line 221.
(pdftex.def)             Requested size: 91.69171pt x 13.0988pt.

Overfull \hbox (4.91273pt too wide) has occurred while \output is active
[][][][] 
 []

[10

]
File: ldvlogo_neu.pdf Graphic file (type pdf)
<use ldvlogo_neu.pdf>
Package pdftex.def Info: ldvlogo_neu.pdf  used on input line 248.
(pdftex.def)             Requested size: 65.64241pt x 14.75447pt.
File: tumlogo.pdf Graphic file (type pdf)
<use tumlogo.pdf>
Package pdftex.def Info: tumlogo.pdf  used on input line 248.
(pdftex.def)             Requested size: 91.69171pt x 13.0988pt.

Overfull \hbox (4.91273pt too wide) has occurred while \output is active
[][][][] 
 []

[11

]
File: ldvlogo_neu.pdf Graphic file (type pdf)
<use ldvlogo_neu.pdf>
Package pdftex.def Info: ldvlogo_neu.pdf  used on input line 265.
(pdftex.def)             Requested size: 65.64241pt x 14.75447pt.
File: tumlogo.pdf Graphic file (type pdf)
<use tumlogo.pdf>
Package pdftex.def Info: tumlogo.pdf  used on input line 265.
(pdftex.def)             Requested size: 91.69171pt x 13.0988pt.

Overfull \hbox (4.91273pt too wide) has occurred while \output is active
[][][][] 
 []

[12

]
<images/TensorBoardFeedback.png, id=505, 1135.24126pt x 1472.50125pt>
File: images/TensorBoardFeedback.png Graphic file (type png)
<use images/TensorBoardFeedback.png>
Package pdftex.def Info: images/TensorBoardFeedback.png  used on input line 274
.
(pdftex.def)             Requested size: 170.27884pt x 220.86566pt.

Overfull \vbox (44.08353pt too high) detected at line 274
 []

File: ldvlogo_neu.pdf Graphic file (type pdf)
<use ldvlogo_neu.pdf>
Package pdftex.def Info: ldvlogo_neu.pdf  used on input line 274.
(pdftex.def)             Requested size: 65.64241pt x 14.75447pt.
File: tumlogo.pdf Graphic file (type pdf)
<use tumlogo.pdf>
Package pdftex.def Info: tumlogo.pdf  used on input line 274.
(pdftex.def)             Requested size: 91.69171pt x 13.0988pt.

Overfull \hbox (4.91273pt too wide) has occurred while \output is active
[][][][] 
 []

[13

 <./images/TensorBoardFeedback.png>]
<images/ClusterCentersMatrix.png, id=534, 1302.8675pt x 206.7725pt>
File: images/ClusterCentersMatrix.png Graphic file (type png)
<use images/ClusterCentersMatrix.png>
Package pdftex.def Info: images/ClusterCentersMatrix.png  used on input line 28
9.
(pdftex.def)             Requested size: 260.56888pt x 41.35376pt.
File: ldvlogo_neu.pdf Graphic file (type pdf)
<use ldvlogo_neu.pdf>
Package pdftex.def Info: ldvlogo_neu.pdf  used on input line 289.
(pdftex.def)             Requested size: 65.64241pt x 14.75447pt.
File: tumlogo.pdf Graphic file (type pdf)
<use tumlogo.pdf>
Package pdftex.def Info: tumlogo.pdf  used on input line 289.
(pdftex.def)             Requested size: 91.69171pt x 13.0988pt.

Overfull \hbox (4.91273pt too wide) has occurred while \output is active
[][][][] 
 []

[14

 <./images/ClusterCentersMatrix.png>]
File: ldvlogo_neu.pdf Graphic file (type pdf)
<use ldvlogo_neu.pdf>
Package pdftex.def Info: ldvlogo_neu.pdf  used on input line 306.
(pdftex.def)             Requested size: 65.64241pt x 14.75447pt.
File: tumlogo.pdf Graphic file (type pdf)
<use tumlogo.pdf>
Package pdftex.def Info: tumlogo.pdf  used on input line 306.
(pdftex.def)             Requested size: 91.69171pt x 13.0988pt.

Overfull \hbox (4.91273pt too wide) has occurred while \output is active
[][][][] 
 []

[15

]
<images/DashboardMain.png, id=587, 554.07pt x 320.19624pt>
File: images/DashboardMain.png Graphic file (type png)
<use images/DashboardMain.png>
Package pdftex.def Info: images/DashboardMain.png  used on input line 318.
(pdftex.def)             Requested size: 166.22227pt x 96.0596pt.
File: ldvlogo_neu.pdf Graphic file (type pdf)
<use ldvlogo_neu.pdf>
Package pdftex.def Info: ldvlogo_neu.pdf  used on input line 318.
(pdftex.def)             Requested size: 65.64241pt x 14.75447pt.
File: tumlogo.pdf Graphic file (type pdf)
<use tumlogo.pdf>
Package pdftex.def Info: tumlogo.pdf  used on input line 318.
(pdftex.def)             Requested size: 91.69171pt x 13.0988pt.

Overfull \hbox (4.91273pt too wide) has occurred while \output is active
[][][][] 
 []

[16

 <./images/DashboardMain.png>]
<images/DashboardProjects.png, id=614, 1117.17375pt x 690.58pt>
File: images/DashboardProjects.png Graphic file (type png)
<use images/DashboardProjects.png>
Package pdftex.def Info: images/DashboardProjects.png  used on input line 327.
(pdftex.def)             Requested size: 279.29276pt x 172.64458pt.
LaTeX Font Info:    Font shape `OT1/phv/m/it' in size <10> not available
(Font)              Font shape `OT1/phv/m/sl' tried instead on input line 327.
File: ldvlogo_neu.pdf Graphic file (type pdf)
<use ldvlogo_neu.pdf>
Package pdftex.def Info: ldvlogo_neu.pdf  used on input line 327.
(pdftex.def)             Requested size: 65.64241pt x 14.75447pt.
File: tumlogo.pdf Graphic file (type pdf)
<use tumlogo.pdf>
Package pdftex.def Info: tumlogo.pdf  used on input line 327.
(pdftex.def)             Requested size: 91.69171pt x 13.0988pt.

Overfull \hbox (4.91273pt too wide) has occurred while \output is active
[][][][] 
 []

[17

 <./images/DashboardProjects.png>]
<images/DashboardIndividual.png, id=642, 1105.12875pt x 517.935pt>
File: images/DashboardIndividual.png Graphic file (type png)
<use images/DashboardIndividual.png>
Package pdftex.def Info: images/DashboardIndividual.png  used on input line 336
.
(pdftex.def)             Requested size: 331.54118pt x 155.38168pt.

Overfull \hbox (24.25131pt too wide) in paragraph at lines 336--336
 [] 
 []


Overfull \vbox (4.19955pt too high) detected at line 336
 []

File: ldvlogo_neu.pdf Graphic file (type pdf)
<use ldvlogo_neu.pdf>
Package pdftex.def Info: ldvlogo_neu.pdf  used on input line 336.
(pdftex.def)             Requested size: 65.64241pt x 14.75447pt.
File: tumlogo.pdf Graphic file (type pdf)
<use tumlogo.pdf>
Package pdftex.def Info: tumlogo.pdf  used on input line 336.
(pdftex.def)             Requested size: 91.69171pt x 13.0988pt.

Overfull \hbox (4.91273pt too wide) has occurred while \output is active
[][][][] 
 []

[18

 <./images/DashboardIndividual.png>]
<images/DashboardIndividualHybrid.png, id=669, 1090.0725pt x 691.58376pt>
File: images/DashboardIndividualHybrid.png Graphic file (type png)
<use images/DashboardIndividualHybrid.png>
Package pdftex.def Info: images/DashboardIndividualHybrid.png  used on input li
ne 345.
(pdftex.def)             Requested size: 272.51746pt x 172.89551pt.

Overfull \vbox (8.11337pt too high) detected at line 345
 []

File: ldvlogo_neu.pdf Graphic file (type pdf)
<use ldvlogo_neu.pdf>
Package pdftex.def Info: ldvlogo_neu.pdf  used on input line 345.
(pdftex.def)             Requested size: 65.64241pt x 14.75447pt.
File: tumlogo.pdf Graphic file (type pdf)
<use tumlogo.pdf>
Package pdftex.def Info: tumlogo.pdf  used on input line 345.
(pdftex.def)             Requested size: 91.69171pt x 13.0988pt.

Overfull \hbox (4.91273pt too wide) has occurred while \output is active
[][][][] 
 []

[19

 <./images/DashboardIndividualHybrid.png>]
<images/DashboardGroup.png, id=696, 1445.4pt x 555.07375pt>
File: images/DashboardGroup.png Graphic file (type png)
<use images/DashboardGroup.png>
Package pdftex.def Info: images/DashboardGroup.png  used on input line 354.
(pdftex.def)             Requested size: 317.98898pt x 122.1166pt.

Overfull \hbox (10.69911pt too wide) in paragraph at lines 354--354
 [] 
 []

File: ldvlogo_neu.pdf Graphic file (type pdf)
<use ldvlogo_neu.pdf>
Package pdftex.def Info: ldvlogo_neu.pdf  used on input line 354.
(pdftex.def)             Requested size: 65.64241pt x 14.75447pt.
File: tumlogo.pdf Graphic file (type pdf)
<use tumlogo.pdf>
Package pdftex.def Info: tumlogo.pdf  used on input line 354.
(pdftex.def)             Requested size: 91.69171pt x 13.0988pt.

Overfull \hbox (4.91273pt too wide) has occurred while \output is active
[][][][] 
 []

[20

 <./images/DashboardGroup.png>]
File: ldvlogo_neu.pdf Graphic file (type pdf)
<use ldvlogo_neu.pdf>
Package pdftex.def Info: ldvlogo_neu.pdf  used on input line 364.
(pdftex.def)             Requested size: 65.64241pt x 14.75447pt.
File: tumlogo.pdf Graphic file (type pdf)
<use tumlogo.pdf>
Package pdftex.def Info: tumlogo.pdf  used on input line 364.
(pdftex.def)             Requested size: 91.69171pt x 13.0988pt.

Overfull \hbox (4.91273pt too wide) has occurred while \output is active
[][][][] 
 []

[21

]
File: ldvlogo_neu.pdf Graphic file (type pdf)
<use ldvlogo_neu.pdf>
Package pdftex.def Info: ldvlogo_neu.pdf  used on input line 384.
(pdftex.def)             Requested size: 65.64241pt x 14.75447pt.
File: tumlogo.pdf Graphic file (type pdf)
<use tumlogo.pdf>
Package pdftex.def Info: tumlogo.pdf  used on input line 384.
(pdftex.def)             Requested size: 91.69171pt x 13.0988pt.

Overfull \hbox (4.91273pt too wide) has occurred while \output is active
[][][][] 
 []

[22

]pdfTeX warning (ext4): destination with the same identifier (name{discussion:a
ccuracy-offline}) has been already used, duplicate ignored
<to be read again> 
                   \relax 
l.401 \end{frame}
                 
Overfull \hbox (17.54057pt too wide) in paragraph at lines 401--401
 [] 
 []

File: ldvlogo_neu.pdf Graphic file (type pdf)
<use ldvlogo_neu.pdf>
Package pdftex.def Info: ldvlogo_neu.pdf  used on input line 401.
(pdftex.def)             Requested size: 65.64241pt x 14.75447pt.
File: tumlogo.pdf Graphic file (type pdf)
<use tumlogo.pdf>
Package pdftex.def Info: tumlogo.pdf  used on input line 401.
(pdftex.def)             Requested size: 91.69171pt x 13.0988pt.

Overfull \hbox (4.91273pt too wide) has occurred while \output is active
[][][][] 
 []

[23

]
<images/diversity-unsupervised-group-accuracy.png, id=800, 611.28375pt x 360.34
625pt>
File: images/diversity-unsupervised-group-accuracy.png Graphic file (type png)
<use images/diversity-unsupervised-group-accuracy.png>
Package pdftex.def Info: images/diversity-unsupervised-group-accuracy.png  used
 on input line 410.
(pdftex.def)             Requested size: 244.50917pt x 144.13594pt.
File: ldvlogo_neu.pdf Graphic file (type pdf)
<use ldvlogo_neu.pdf>
Package pdftex.def Info: ldvlogo_neu.pdf  used on input line 410.
(pdftex.def)             Requested size: 65.64241pt x 14.75447pt.
File: tumlogo.pdf Graphic file (type pdf)
<use tumlogo.pdf>
Package pdftex.def Info: tumlogo.pdf  used on input line 410.
(pdftex.def)             Requested size: 91.69171pt x 13.0988pt.

Overfull \hbox (4.91273pt too wide) has occurred while \output is active
[][][][] 
 []

[24

 <./images/diversity-unsupervised-group-accuracy.png>]
<images/unsupervised-group-diversity.png, id=827, 640.3925pt x 361.35pt>
File: images/unsupervised-group-diversity.png Graphic file (type png)
<use images/unsupervised-group-diversity.png>
Package pdftex.def Info: images/unsupervised-group-diversity.png  used on input
 line 419.
(pdftex.def)             Requested size: 256.15245pt x 144.53743pt.
File: ldvlogo_neu.pdf Graphic file (type pdf)
<use ldvlogo_neu.pdf>
Package pdftex.def Info: ldvlogo_neu.pdf  used on input line 419.
(pdftex.def)             Requested size: 65.64241pt x 14.75447pt.
File: tumlogo.pdf Graphic file (type pdf)
<use tumlogo.pdf>
Package pdftex.def Info: tumlogo.pdf  used on input line 419.
(pdftex.def)             Requested size: 91.69171pt x 13.0988pt.

Overfull \hbox (4.91273pt too wide) has occurred while \output is active
[][][][] 
 []

[25

 <./images/unsupervised-group-diversity.png>]
<images/diversity-unsupervised-group-user-study.png, id=856, 641.39626pt x 344.
28625pt>
File: images/diversity-unsupervised-group-user-study.png Graphic file (type png
)
<use images/diversity-unsupervised-group-user-study.png>
Package pdftex.def Info: images/diversity-unsupervised-group-user-study.png  us
ed on input line 428.
(pdftex.def)             Requested size: 256.55396pt x 137.71205pt.
File: ldvlogo_neu.pdf Graphic file (type pdf)
<use ldvlogo_neu.pdf>
Package pdftex.def Info: ldvlogo_neu.pdf  used on input line 428.
(pdftex.def)             Requested size: 65.64241pt x 14.75447pt.
File: tumlogo.pdf Graphic file (type pdf)
<use tumlogo.pdf>
Package pdftex.def Info: tumlogo.pdf  used on input line 428.
(pdftex.def)             Requested size: 91.69171pt x 13.0988pt.

Overfull \hbox (4.91273pt too wide) has occurred while \output is active
[][][][] 
 []

[26

 <./images/diversity-unsupervised-group-user-study.png>]
<images/supervised-group-accuracy.png, id=883, 615.29875pt x 349.305pt>
File: images/supervised-group-accuracy.png Graphic file (type png)
<use images/supervised-group-accuracy.png>
Package pdftex.def Info: images/supervised-group-accuracy.png  used on input li
ne 438.
(pdftex.def)             Requested size: 246.11513pt x 139.71951pt.
File: ldvlogo_neu.pdf Graphic file (type pdf)
<use ldvlogo_neu.pdf>
Package pdftex.def Info: ldvlogo_neu.pdf  used on input line 438.
(pdftex.def)             Requested size: 65.64241pt x 14.75447pt.
File: tumlogo.pdf Graphic file (type pdf)
<use tumlogo.pdf>
Package pdftex.def Info: tumlogo.pdf  used on input line 438.
(pdftex.def)             Requested size: 91.69171pt x 13.0988pt.

Overfull \hbox (4.91273pt too wide) has occurred while \output is active
[][][][] 
 []

[27

 <./images/supervised-group-accuracy.png>]
<images/supervised-group-diversity.png, id=910, 658.46pt x 368.37625pt>
File: images/supervised-group-diversity.png Graphic file (type png)
<use images/supervised-group-diversity.png>
Package pdftex.def Info: images/supervised-group-diversity.png  used on input l
ine 447.
(pdftex.def)             Requested size: 263.37933pt x 147.34789pt.
File: ldvlogo_neu.pdf Graphic file (type pdf)
<use ldvlogo_neu.pdf>
Package pdftex.def Info: ldvlogo_neu.pdf  used on input line 447.
(pdftex.def)             Requested size: 65.64241pt x 14.75447pt.
File: tumlogo.pdf Graphic file (type pdf)
<use tumlogo.pdf>
Package pdftex.def Info: tumlogo.pdf  used on input line 447.
(pdftex.def)             Requested size: 91.69171pt x 13.0988pt.

Overfull \hbox (4.91273pt too wide) has occurred while \output is active
[][][][] 
 []

[28

 <./images/supervised-group-diversity.png>]
<images/supervised-group-user.png, id=937, 618.31pt x 350.30875pt>
File: images/supervised-group-user.png Graphic file (type png)
<use images/supervised-group-user.png>
Package pdftex.def Info: images/supervised-group-user.png  used on input line 4
56.
(pdftex.def)             Requested size: 247.31961pt x 140.12102pt.
File: ldvlogo_neu.pdf Graphic file (type pdf)
<use ldvlogo_neu.pdf>
Package pdftex.def Info: ldvlogo_neu.pdf  used on input line 456.
(pdftex.def)             Requested size: 65.64241pt x 14.75447pt.
File: tumlogo.pdf Graphic file (type pdf)
<use tumlogo.pdf>
Package pdftex.def Info: tumlogo.pdf  used on input line 456.
(pdftex.def)             Requested size: 91.69171pt x 13.0988pt.

Overfull \hbox (4.91273pt too wide) has occurred while \output is active
[][][][] 
 []

[29

 <./images/supervised-group-user.png>]
File: ldvlogo_neu.pdf Graphic file (type pdf)
<use ldvlogo_neu.pdf>
Package pdftex.def Info: ldvlogo_neu.pdf  used on input line 470.
(pdftex.def)             Requested size: 65.64241pt x 14.75447pt.
File: tumlogo.pdf Graphic file (type pdf)
<use tumlogo.pdf>
Package pdftex.def Info: tumlogo.pdf  used on input line 470.
(pdftex.def)             Requested size: 91.69171pt x 13.0988pt.

Overfull \hbox (4.91273pt too wide) has occurred while \output is active
[][][][] 
 []

[30

]
File: ldvlogo_neu.pdf Graphic file (type pdf)
<use ldvlogo_neu.pdf>
Package pdftex.def Info: ldvlogo_neu.pdf  used on input line 487.
(pdftex.def)             Requested size: 65.64241pt x 14.75447pt.
File: tumlogo.pdf Graphic file (type pdf)
<use tumlogo.pdf>
Package pdftex.def Info: tumlogo.pdf  used on input line 487.
(pdftex.def)             Requested size: 91.69171pt x 13.0988pt.

Overfull \hbox (4.91273pt too wide) has occurred while \output is active
[][][][] 
 []

[31

]
<images/FFNN.png, id=1014, 473.77pt x 285.065pt>
File: images/FFNN.png Graphic file (type png)
<use images/FFNN.png>
Package pdftex.def Info: images/FFNN.png  used on input line 507.
(pdftex.def)             Requested size: 142.1321pt x 85.52016pt.
LaTeX Font Info:    Font shape `OT1/phv/bx/n' in size <10.95> not available
(Font)              Font shape `OT1/phv/b/n' tried instead on input line 507.
LaTeX Font Info:    Font shape `OT1/phv/bx/n' in size <8> not available
(Font)              Font shape `OT1/phv/b/n' tried instead on input line 507.
LaTeX Font Info:    Font shape `OT1/phv/bx/n' in size <6> not available
(Font)              Font shape `OT1/phv/b/n' tried instead on input line 507.
LaTeX Font Info:    Font shape `OT1/phv/bx/it' in size <10.95> not available
(Font)              Font shape `OT1/phv/b/it' tried instead on input line 507.
LaTeX Font Info:    Font shape `OT1/phv/b/it' in size <10.95> not available
(Font)              Font shape `OT1/phv/b/sl' tried instead on input line 507.
LaTeX Font Info:    Font shape `OT1/phv/bx/it' in size <8> not available
(Font)              Font shape `OT1/phv/b/it' tried instead on input line 507.
LaTeX Font Info:    Font shape `OT1/phv/b/it' in size <8> not available
(Font)              Font shape `OT1/phv/b/sl' tried instead on input line 507.
LaTeX Font Info:    Font shape `OT1/phv/bx/it' in size <6> not available
(Font)              Font shape `OT1/phv/b/it' tried instead on input line 507.
LaTeX Font Info:    Font shape `OT1/phv/b/it' in size <6> not available
(Font)              Font shape `OT1/phv/b/sl' tried instead on input line 507.
File: ldvlogo_neu.pdf Graphic file (type pdf)
<use ldvlogo_neu.pdf>
Package pdftex.def Info: ldvlogo_neu.pdf  used on input line 507.
(pdftex.def)             Requested size: 65.64241pt x 14.75447pt.
File: tumlogo.pdf Graphic file (type pdf)
<use tumlogo.pdf>
Package pdftex.def Info: tumlogo.pdf  used on input line 507.
(pdftex.def)             Requested size: 91.69171pt x 13.0988pt.

Overfull \hbox (4.91273pt too wide) has occurred while \output is active
[][][][] 
 []

[32

 <./images/FFNN.png>]pdfTeX warning (ext4): destination with the same identifie
r (name{eq:ild}) has been already used, duplicate ignored
<to be read again> 
                   \relax 
l.533 \end{frame}
                 
File: ldvlogo_neu.pdf Graphic file (type pdf)
<use ldvlogo_neu.pdf>
Package pdftex.def Info: ldvlogo_neu.pdf  used on input line 533.
(pdftex.def)             Requested size: 65.64241pt x 14.75447pt.
File: tumlogo.pdf Graphic file (type pdf)
<use tumlogo.pdf>
Package pdftex.def Info: tumlogo.pdf  used on input line 533.
(pdftex.def)             Requested size: 91.69171pt x 13.0988pt.

Overfull \hbox (4.91273pt too wide) has occurred while \output is active
[][][][] 
 []

[33

]
<images/FreelancerExample.png, id=1071, 778.91pt x 533.995pt>
File: images/FreelancerExample.png Graphic file (type png)
<use images/FreelancerExample.png>
Package pdftex.def Info: images/FreelancerExample.png  used on input line 544.
(pdftex.def)             Requested size: 233.6748pt x 160.19974pt.
File: ldvlogo_neu.pdf Graphic file (type pdf)
<use ldvlogo_neu.pdf>
Package pdftex.def Info: ldvlogo_neu.pdf  used on input line 544.
(pdftex.def)             Requested size: 65.64241pt x 14.75447pt.
File: tumlogo.pdf Graphic file (type pdf)
<use tumlogo.pdf>
Package pdftex.def Info: tumlogo.pdf  used on input line 544.
(pdftex.def)             Requested size: 91.69171pt x 13.0988pt.

Overfull \hbox (4.91273pt too wide) has occurred while \output is active
[][][][] 
 []

[34

 <./images/FreelancerExample.png>]
<images/FreelancerTalentExample.png, id=1098, 777.90625pt x 742.775pt>
File: images/FreelancerTalentExample.png Graphic file (type png)
<use images/FreelancerTalentExample.png>
Package pdftex.def Info: images/FreelancerTalentExample.png  used on input line
 554.
(pdftex.def)             Requested size: 155.57849pt x 148.55237pt.
File: ldvlogo_neu.pdf Graphic file (type pdf)
<use ldvlogo_neu.pdf>
Package pdftex.def Info: ldvlogo_neu.pdf  used on input line 554.
(pdftex.def)             Requested size: 65.64241pt x 14.75447pt.
File: tumlogo.pdf Graphic file (type pdf)
<use tumlogo.pdf>
Package pdftex.def Info: tumlogo.pdf  used on input line 554.
(pdftex.def)             Requested size: 91.69171pt x 13.0988pt.

Overfull \hbox (4.91273pt too wide) has occurred while \output is active
[][][][] 
 []

[35

 <./images/FreelancerTalentExample.png>]
<images/FreelancerTalentSkills.png, id=1125, 376.40625pt x 470.75874pt>
File: images/FreelancerTalentSkills.png Graphic file (type png)
<use images/FreelancerTalentSkills.png>
Package pdftex.def Info: images/FreelancerTalentSkills.png  used on input line 
564.
(pdftex.def)             Requested size: 112.92273pt x 141.22871pt.
File: ldvlogo_neu.pdf Graphic file (type pdf)
<use ldvlogo_neu.pdf>
Package pdftex.def Info: ldvlogo_neu.pdf  used on input line 564.
(pdftex.def)             Requested size: 65.64241pt x 14.75447pt.
File: tumlogo.pdf Graphic file (type pdf)
<use tumlogo.pdf>
Package pdftex.def Info: tumlogo.pdf  used on input line 564.
(pdftex.def)             Requested size: 91.69171pt x 13.0988pt.

Overfull \hbox (4.91273pt too wide) has occurred while \output is active
[][][][] 
 []

[36

 <./images/FreelancerTalentSkills.png>]
<images/TensorBoardSparseCropped.png, id=1152, 567.11874pt x 735.74875pt>
File: images/TensorBoardSparseCropped.png Graphic file (type png)
<use images/TensorBoardSparseCropped.png>
Package pdftex.def Info: images/TensorBoardSparseCropped.png  used on input lin
e 573.
(pdftex.def)             Requested size: 170.13693pt x 220.72632pt.

Overfull \vbox (45.54419pt too high) detected at line 573
 []

File: ldvlogo_neu.pdf Graphic file (type pdf)
<use ldvlogo_neu.pdf>
Package pdftex.def Info: ldvlogo_neu.pdf  used on input line 573.
(pdftex.def)             Requested size: 65.64241pt x 14.75447pt.
File: tumlogo.pdf Graphic file (type pdf)
<use tumlogo.pdf>
Package pdftex.def Info: tumlogo.pdf  used on input line 573.
(pdftex.def)             Requested size: 91.69171pt x 13.0988pt.

Overfull \hbox (4.91273pt too wide) has occurred while \output is active
[][][][] 
 []

[37

 <./images/TensorBoardSparseCropped.png>]
<images/FreelancerTalentSkillsMatrix.png, id=1181, 1304.875pt x 441.65pt>
File: images/FreelancerTalentSkillsMatrix.png Graphic file (type png)
<use images/FreelancerTalentSkillsMatrix.png>
Package pdftex.def Info: images/FreelancerTalentSkillsMatrix.png  used on input
 line 591.
(pdftex.def)             Requested size: 260.97038pt x 88.32843pt.
<images/EmbeddingTrainingMatrix.png, id=1182, 1025.8325pt x 182.6825pt>
File: images/EmbeddingTrainingMatrix.png Graphic file (type png)
<use images/EmbeddingTrainingMatrix.png>
Package pdftex.def Info: images/EmbeddingTrainingMatrix.png  used on input line
 591.
(pdftex.def)             Requested size: 205.16287pt x 36.53584pt.

Overfull \vbox (10.85484pt too high) detected at line 591
 []

File: ldvlogo_neu.pdf Graphic file (type pdf)
<use ldvlogo_neu.pdf>
Package pdftex.def Info: ldvlogo_neu.pdf  used on input line 591.
(pdftex.def)             Requested size: 65.64241pt x 14.75447pt.
File: tumlogo.pdf Graphic file (type pdf)
<use tumlogo.pdf>
Package pdftex.def Info: tumlogo.pdf  used on input line 591.
(pdftex.def)             Requested size: 91.69171pt x 13.0988pt.

Overfull \hbox (4.91273pt too wide) has occurred while \output is active
[][][][] 
 []

[38

 <./images/FreelancerTalentSkillsMatrix.png> <./images/EmbeddingTrainingMatrix.
png>]
<images/FreelancerTalentMeta.png, id=1209, 626.34pt x 379.4175pt>
File: images/FreelancerTalentMeta.png Graphic file (type png)
<use images/FreelancerTalentMeta.png>
Package pdftex.def Info: images/FreelancerTalentMeta.png  used on input line 60
2.
(pdftex.def)             Requested size: 250.53156pt x 151.7643pt.
File: ldvlogo_neu.pdf Graphic file (type pdf)
<use ldvlogo_neu.pdf>
Package pdftex.def Info: ldvlogo_neu.pdf  used on input line 602.
(pdftex.def)             Requested size: 65.64241pt x 14.75447pt.
File: tumlogo.pdf Graphic file (type pdf)
<use tumlogo.pdf>
Package pdftex.def Info: tumlogo.pdf  used on input line 602.
(pdftex.def)             Requested size: 91.69171pt x 13.0988pt.

Overfull \hbox (4.91273pt too wide) has occurred while \output is active
[][][][] 
 []

[39

 <./images/FreelancerTalentMeta.png>]
\tf@nav=\write7
\openout7 = `example.nav'.

\tf@toc=\write8
\openout8 = `example.toc'.

\tf@snm=\write9
\openout9 = `example.snm'.

Package atveryend Info: Empty hook `BeforeClearDocument' on input line 605.
Package atveryend Info: Empty hook `AfterLastShipout' on input line 605.
 (./example.aux)
Package atveryend Info: Executing hook `AtVeryEndDocument' on input line 605.
Package atveryend Info: Executing hook `AtEndAfterFileList' on input line 605.
Package rerunfilecheck Info: File `example.out' has not changed.
(rerunfilecheck)             Checksum: CBCFB47625F9B7A20CAE9A6480FB2142;2905.


LaTeX Warning: There were multiply-defined labels.

 ) 
Here is how much of TeX's memory you used:
 19484 strings out of 492649
 362576 string characters out of 6129621
 437712 words of memory out of 5000000
 22772 multiletter control sequences out of 15000+600000
 39235 words of font info for 80 fonts, out of 8000000 for 9000
 1141 hyphenation exceptions out of 8191
 56i,23n,56p,793b,553s stack positions out of 5000i,500n,10000p,200000b,80000s
{/usr/local/texlive/2018/texmf-dist/fonts/enc/dvips/base/8r.enc}</usr/local/t
exlive/2018/texmf-dist/fonts/type1/public/amsfonts/cm/cmex10.pfb></usr/local/te
xlive/2018/texmf-dist/fonts/type1/public/amsfonts/cm/cmmi10.pfb></usr/local/tex
live/2018/texmf-dist/fonts/type1/public/amsfonts/cm/cmss10.pfb></usr/local/texl
ive/2018/texmf-dist/fonts/type1/public/amsfonts/cm/cmsy10.pfb></usr/local/texli
ve/2018/texmf-dist/fonts/type1/public/amsfonts/cm/cmsy6.pfb></usr/local/texlive
/2018/texmf-dist/fonts/type1/public/amsfonts/cm/cmsy8.pfb></usr/local/texlive/2
018/texmf-dist/fonts/type1/public/amsfonts/symbols/msam10.pfb></usr/local/texli
ve/2018/texmf-dist/fonts/type1/urw/helvetic/uhvbo8a.pfb></usr/local/texlive/201
8/texmf-dist/fonts/type1/urw/helvetic/uhvr8a.pfb></usr/local/texlive/2018/texmf
-dist/fonts/type1/urw/helvetic/uhvro8a.pfb></usr/local/texlive/2018/texmf-dist/
fonts/type1/urw/times/utmr8a.pfb>
Output written on example.pdf (39 pages, 2132692 bytes).
PDF statistics:
 1303 PDF objects out of 1440 (max. 8388607)
 1181 compressed objects within 12 object streams
 123 named destinations out of 1000 (max. 500000)
 475 words of extra memory for PDF output out of 10000 (max. 10000000)

